0 info it worked if it ends with ok
1 verbose cli [ 'node', '/usr/local/bin/npm', 'install', '-g', 'javascripting' ]
2 info using npm@2.5.1
3 info using node@v0.12.0
4 silly cache add args [ 'javascripting', null ]
5 verbose cache add spec javascripting
6 silly cache add parsed spec { raw: 'javascripting',
6 silly cache add   scope: null,
6 silly cache add   name: 'javascripting',
6 silly cache add   rawSpec: '',
6 silly cache add   spec: '*',
6 silly cache add   type: 'range' }
7 verbose addNamed javascripting@*
8 silly addNamed semver.valid null
9 silly addNamed semver.validRange *
10 silly addNameRange { name: 'javascripting', range: '*', hasData: false }
11 silly mapToRegistry name javascripting
12 silly mapToRegistry using default registry
13 silly mapToRegistry registry https://registry.npmjs.org/
14 silly mapToRegistry uri https://registry.npmjs.org/javascripting
15 verbose addNameRange registry:https://registry.npmjs.org/javascripting not in flight; fetching
16 verbose request uri https://registry.npmjs.org/javascripting
17 verbose request no auth needed
18 info attempt registry request try #1 at 9:11:22 PM
19 verbose request id 0d8ac4f9c995fadd
20 http request GET https://registry.npmjs.org/javascripting
21 http 200 https://registry.npmjs.org/javascripting
22 silly get cb [ 200,
22 silly get   { date: 'Mon, 09 Mar 2015 13:11:23 GMT',
22 silly get     server: 'CouchDB/1.6.1 (Erlang OTP/R14B04)',
22 silly get     etag: '"3IASS795B1JQ9S4K9506RM0V0"',
22 silly get     'content-type': 'application/json',
22 silly get     'cache-control': 'max-age=60',
22 silly get     'content-length': '23083',
22 silly get     'accept-ranges': 'bytes',
22 silly get     via: '1.1 varnish',
22 silly get     age: '0',
22 silly get     'x-served-by': 'cache-nrt6127-NRT',
22 silly get     'x-cache': 'MISS',
22 silly get     'x-cache-hits': '0',
22 silly get     'x-timer': 'S1425906683.428390,VS0,VE408',
22 silly get     vary: 'Accept',
22 silly get     'keep-alive': 'timeout=10, max=50',
22 silly get     connection: 'Keep-Alive' } ]
23 verbose get saving javascripting to /Users/zhiyan/.npm/registry.npmjs.org/javascripting/.cache.json
24 verbose getCacheStat cache creation not in flight; initializing
25 silly addNameRange number 2 { name: 'javascripting', range: '*', hasData: true }
26 silly addNameRange versions [ 'javascripting',
26 silly addNameRange   [ '1.0.0',
26 silly addNameRange     '1.0.1',
26 silly addNameRange     '1.1.0',
26 silly addNameRange     '1.1.1',
26 silly addNameRange     '1.1.2',
26 silly addNameRange     '1.1.3',
26 silly addNameRange     '1.2.0',
26 silly addNameRange     '1.3.0',
26 silly addNameRange     '1.4.0',
26 silly addNameRange     '1.5.0',
26 silly addNameRange     '1.6.0',
26 silly addNameRange     '1.7.0',
26 silly addNameRange     '1.8.0',
26 silly addNameRange     '1.9.0',
26 silly addNameRange     '1.9.1',
26 silly addNameRange     '1.10.0',
26 silly addNameRange     '1.10.1',
26 silly addNameRange     '1.10.2',
26 silly addNameRange     '1.10.3',
26 silly addNameRange     '1.11.0' ] ]
27 verbose addNamed javascripting@1.11.0
28 silly addNamed semver.valid 1.11.0
29 silly addNamed semver.validRange 1.11.0
30 silly mapToRegistry name javascripting
31 silly mapToRegistry using default registry
32 silly mapToRegistry registry https://registry.npmjs.org/
33 silly mapToRegistry uri https://registry.npmjs.org/javascripting
34 verbose addRemoteTarball https://registry.npmjs.org/javascripting/-/javascripting-1.11.0.tgz not in flight; adding
35 verbose addRemoteTarball [ 'https://registry.npmjs.org/javascripting/-/javascripting-1.11.0.tgz',
35 verbose addRemoteTarball   'bc2e616cba0a9b7932024b4864218c8f033104a2' ]
36 info retry fetch attempt 1 at 9:11:24 PM
37 info attempt registry request try #1 at 9:11:24 PM
38 http fetch GET https://registry.npmjs.org/javascripting/-/javascripting-1.11.0.tgz
39 http fetch 200 https://registry.npmjs.org/javascripting/-/javascripting-1.11.0.tgz
40 silly fetchAndShaCheck shasum bc2e616cba0a9b7932024b4864218c8f033104a2
41 verbose addTmpTarball /var/folders/ch/1v3klbh927g1qfvvpdmcwwk40000gn/T/npm-611-5b64bd57/registry.npmjs.org/javascripting/-/javascripting-1.11.0.tgz not in flight; adding
42 verbose addTmpTarball already have metadata; skipping unpack for javascripting@1.11.0
43 silly cache afterAdd javascripting@1.11.0
44 verbose afterAdd /Users/zhiyan/.npm/javascripting/1.11.0/package/package.json not in flight; writing
45 verbose afterAdd /Users/zhiyan/.npm/javascripting/1.11.0/package/package.json written
46 silly install resolved [ { name: 'javascripting',
46 silly install resolved     description: 'Learn JavaScript by adventuring around in the terminal.',
46 silly install resolved     version: '1.11.0',
46 silly install resolved     repository: { url: 'git://github.com/sethvincent/javascripting.git' },
46 silly install resolved     author: { name: 'sethvincent' },
46 silly install resolved     bin: { javascripting: 'index.js' },
46 silly install resolved     preferGlobal: true,
46 silly install resolved     dependencies:
46 silly install resolved      { adventure: '^2.8.0',
46 silly install resolved        'cli-md': '^0.1.0',
46 silly install resolved        colors: '^1.0.3',
46 silly install resolved        diff: '^1.2.1' },
46 silly install resolved     license: 'MIT',
46 silly install resolved     gitHead: 'a72b8f0d4a93dfcee4e015e82bb825f0ff12c721',
46 silly install resolved     bugs: { url: 'https://github.com/sethvincent/javascripting/issues' },
46 silly install resolved     homepage: 'https://github.com/sethvincent/javascripting',
46 silly install resolved     _id: 'javascripting@1.11.0',
46 silly install resolved     scripts: {},
46 silly install resolved     _shasum: 'bc2e616cba0a9b7932024b4864218c8f033104a2',
46 silly install resolved     _from: 'javascripting@*',
46 silly install resolved     _npmVersion: '2.5.0',
46 silly install resolved     _nodeVersion: '0.10.35',
46 silly install resolved     _npmUser: { name: 'sethvincent', email: 'sethvincent@gmail.com' },
46 silly install resolved     maintainers: [ [Object] ],
46 silly install resolved     dist:
46 silly install resolved      { shasum: 'bc2e616cba0a9b7932024b4864218c8f033104a2',
46 silly install resolved        tarball: 'http://registry.npmjs.org/javascripting/-/javascripting-1.11.0.tgz' },
46 silly install resolved     directories: {},
46 silly install resolved     _resolved: 'https://registry.npmjs.org/javascripting/-/javascripting-1.11.0.tgz' } ]
47 info install javascripting@1.11.0 into /usr/local/lib
48 info installOne javascripting@1.11.0
49 verbose installOne of javascripting to /usr/local/lib not in flight; installing
50 verbose lock using /Users/zhiyan/.npm/_locks/javascripting-bed8ec56244b9119.lock for /usr/local/lib/node_modules/javascripting
51 silly install write writing javascripting 1.11.0 to /usr/local/lib/node_modules/javascripting
52 silly cache addNamed cb javascripting@1.11.0
53 verbose unbuild lib/node_modules/javascripting
54 verbose gentlyRm vacuuming /usr/local/lib/node_modules/javascripting
55 verbose tar unpack /Users/zhiyan/.npm/javascripting/1.11.0/package.tgz
56 verbose tar unpacking to /usr/local/lib/node_modules/javascripting
57 verbose gentlyRm vacuuming /usr/local/lib/node_modules/javascripting
58 silly gunzTarPerm modes [ '755', '644' ]
59 error tar.unpack untar error /Users/zhiyan/.npm/javascripting/1.11.0/package.tgz
60 verbose unlock done using /Users/zhiyan/.npm/_locks/javascripting-bed8ec56244b9119.lock for /usr/local/lib/node_modules/javascripting
61 verbose fstream_path /usr/local/lib/node_modules/javascripting
62 verbose fstream_type Directory
63 verbose fstream_class DirWriter
64 verbose stack Error: EACCES, mkdir '/usr/local/lib/node_modules/javascripting'
64 verbose stack     at Error (native)
65 verbose fstream_stack /usr/local/lib/node_modules/npm/node_modules/fstream/lib/dir-writer.js:36:23
65 verbose fstream_stack /usr/local/lib/node_modules/npm/node_modules/mkdirp/index.js:46:53
65 verbose fstream_stack FSReqWrap.oncomplete (fs.js:99:15)
66 verbose cwd /Users/zhiyan/Code/mathevaluation
67 error Darwin 14.0.0
68 error argv "node" "/usr/local/bin/npm" "install" "-g" "javascripting"
69 error node v0.12.0
70 error npm  v2.5.1
71 error path /usr/local/lib/node_modules/javascripting
72 error code EACCES
73 error errno -13
74 error Error: EACCES, mkdir '/usr/local/lib/node_modules/javascripting'
74 error     at Error (native)
74 error  { [Error: EACCES, mkdir '/usr/local/lib/node_modules/javascripting']
74 error   errno: -13,
74 error   code: 'EACCES',
74 error   path: '/usr/local/lib/node_modules/javascripting',
74 error   fstream_type: 'Directory',
74 error   fstream_path: '/usr/local/lib/node_modules/javascripting',
74 error   fstream_class: 'DirWriter',
74 error   fstream_stack:
74 error    [ '/usr/local/lib/node_modules/npm/node_modules/fstream/lib/dir-writer.js:36:23',
74 error      '/usr/local/lib/node_modules/npm/node_modules/mkdirp/index.js:46:53',
74 error      'FSReqWrap.oncomplete (fs.js:99:15)' ] }
75 error Please try running this command again as root/Administrator.
76 verbose exit [ -13, true ]
77 verbose unbuild lib/node_modules/javascripting
78 verbose gentlyRm vacuuming /usr/local/lib/node_modules/javascripting
